Log file open, 08/26/19 16:58:09
LogWindows: Failed to load 'aqProf.dll' (GetLastError=126)
LogWindows: File 'aqProf.dll' does not exist
LogWindows: Failed to load 'VtuneApi.dll' (GetLastError=126)
LogWindows: File 'VtuneApi.dll' does not exist
LogWindows: Failed to load 'VtuneApi32e.dll' (GetLastError=126)
LogWindows: File 'VtuneApi32e.dll' does not exist
LogConsoleResponse: Display: Failed to find resolution value strings in scalability ini. Falling back to default.
LogInit: Display: Running engine for game: MyProject
LogPakFile: Registered encryption key '00000000000000000000000000000000': 0 pak files mounted, 0 remain pending
LogPlatformFile: Not using cached read wrapper
LogTaskGraph: Started task graph with 5 named threads and 23 total threads with 3 sets of task threads.
LogStats: Stats thread started at 0.265786
LogD3D11RHI: Loaded GFSDK_Aftermath_Lib.x64.dll
LogICUInternationalization: ICU TimeZone Detection - Raw Offset: +9:00, Platform Override: ''
LogPluginManager: Mounting plugin Paper2D
LogPluginManager: Mounting plugin AISupport
LogPluginManager: Mounting plugin LightPropagationVolume
LogPluginManager: Mounting plugin ActorLayerUtilities
LogPluginManager: Mounting plugin AnimationSharing
LogPluginManager: Mounting plugin CLionSourceCodeAccess
LogPluginManager: Mounting plugin CodeLiteSourceCodeAccess
LogPluginManager: Mounting plugin GitSourceControl
LogPluginManager: Mounting plugin KDevelopSourceCodeAccess
LogPluginManager: Mounting plugin NullSourceCodeAccess
LogPluginManager: Mounting plugin PerforceSourceControl
LogPluginManager: Mounting plugin SubversionSourceControl
LogPluginManager: Mounting plugin UObjectPlugin
LogPluginManager: Mounting plugin VisualStudioCodeSourceCodeAccess
LogPluginManager: Mounting plugin VisualStudioSourceCodeAccess
LogPluginManager: Mounting plugin XCodeSourceCodeAccess
LogPluginManager: Mounting plugin AssetManagerEditor
LogPluginManager: Mounting plugin CryptoKeys
LogPluginManager: Mounting plugin DataValidation
LogPluginManager: Mounting plugin FacialAnimation
LogPluginManager: Mounting plugin GameplayTagsEditor
LogPluginManager: Mounting plugin MacGraphicsSwitching
LogPluginManager: Mounting plugin MaterialAnalyzer
LogPluginManager: Mounting plugin MobileLauncherProfileWizard
LogPluginManager: Mounting plugin PluginBrowser
LogPluginManager: Mounting plugin SpeedTreeImporter
LogPluginManager: Mounting plugin DatasmithContent
LogPluginManager: Mounting plugin VariantManagerContent
LogPluginManager: Mounting plugin AlembicImporter
LogPluginManager: Mounting plugin AppleImageUtils
LogPluginManager: Mounting plugin AppleVision
LogPluginManager: Mounting plugin BackChannel
LogPluginManager: Mounting plugin CharacterAI
LogPluginManager: Mounting plugin GeometryCache
LogPluginManager: Mounting plugin HTML5Networking
LogPluginManager: Mounting plugin ProxyLODPlugin
LogPluginManager: Mounting plugin SkeletalReduction
LogPluginManager: Mounting plugin MagicLeap
LogPluginManager: Mounting plugin MagicLeapMedia
LogPluginManager: Mounting plugin AndroidMedia
LogPluginManager: Mounting plugin AvfMedia
LogPluginManager: Mounting plugin ImgMedia
LogPluginManager: Mounting plugin LinearTimecode
LogPluginManager: Mounting plugin MediaCompositing
LogPluginManager: Mounting plugin MediaPlayerEditor
LogPluginManager: Mounting plugin WebMMedia
LogPluginManager: Mounting plugin WmfMedia
LogPluginManager: Mounting plugin TcpMessaging
LogPluginManager: Mounting plugin UdpMessaging
LogPluginManager: Mounting plugin ActorSequence
LogPluginManager: Mounting plugin LevelSequenceEditor
LogPluginManager: Mounting plugin MatineeToLevelSequence
LogPluginManager: Mounting plugin NetcodeUnitTest
LogPluginManager: Mounting plugin NUTUnrealEngine4
LogPluginManager: Mounting plugin OnlineSubsystemGooglePlay
LogPluginManager: Mounting plugin OnlineSubsystemIOS
LogPluginManager: Mounting plugin OnlineSubsystem
LogPluginManager: Mounting plugin OnlineSubsystemNull
LogPluginManager: Mounting plugin OnlineSubsystemUtils
LogPluginManager: Mounting plugin LauncherChunkInstaller
LogPluginManager: Mounting plugin AndroidDeviceProfileSelector
LogPluginManager: Mounting plugin AndroidMoviePlayer
LogPluginManager: Mounting plugin AndroidPermission
LogPluginManager: Mounting plugin ApexDestruction
LogPluginManager: Mounting plugin AppleMoviePlayer
LogPluginManager: Mounting plugin ArchVisCharacter
LogPluginManager: Mounting plugin AudioCapture
LogPluginManager: Mounting plugin CableComponent
LogPluginManager: Mounting plugin CustomMeshComponent
LogPluginManager: Mounting plugin EditableMesh
LogPluginManager: Mounting plugin ExampleDeviceProfileSelector
LogPluginManager: Mounting plugin Firebase
LogPluginManager: Mounting plugin GoogleCloudMessaging
LogPluginManager: Mounting plugin IOSDeviceProfileSelector
LogPluginManager: Mounting plugin LinuxDeviceProfileSelector
LogPluginManager: Mounting plugin LocationServicesBPLibrary
LogPluginManager: Mounting plugin MobilePatchingUtils
LogPluginManager: Mounting plugin OculusVR
LogPluginManager: Mounting plugin PhysXVehicles
LogPluginManager: Mounting plugin ProceduralMeshComponent
LogPluginManager: Mounting plugin RuntimePhysXCooking
LogPluginManager: Mounting plugin SignificanceManager
LogPluginManager: Mounting plugin SteamVR
LogPluginManager: Mounting plugin WebMMoviePlayer
LogPluginManager: Mounting plugin WindowsMoviePlayer
LogInit: Using libcurl 7.55.1-DEV
LogInit:  - built for x86_64-pc-win32
LogInit:  - supports SSL with OpenSSL/1.1.1
LogInit:  - supports HTTP deflate (compression) using libz 1.2.8
LogInit:  - other features:
LogInit:      CURL_VERSION_SSL
LogInit:      CURL_VERSION_LIBZ
LogInit:      CURL_VERSION_IPV6
LogInit:      CURL_VERSION_ASYNCHDNS
LogInit:      CURL_VERSION_LARGEFILE
LogInit:      CURL_VERSION_IDN
LogInit:  CurlRequestOptions (configurable via config and command line):
LogInit:  - bVerifyPeer = true  - Libcurl will verify peer certificate
LogInit:  - bUseHttpProxy = true  - Libcurl will use HTTP proxy
LogInit:  - HttpProxyAddress = '172.20.20.104:8080'
LogInit:  - bDontReuseConnections = false  - Libcurl will reuse connections
LogInit:  - MaxHostConnections = 16  - Libcurl will limit the number of connections to a host
LogInit:  - LocalHostAddr = Default
LogInit:  - BufferSize = 65536
LogInit: WinSock: version 1.1 (2.2), MaxSocks=32767, MaxUdp=65467
LogInit: Build: ++UE4+Release-4.22-CL-7053642
LogInit: Engine Version: 4.22.3-7053642+++UE4+Release-4.22
LogInit: Compatible Engine Version: 4.22.0-5660361+++UE4+Release-4.22
LogInit: Net CL: 5660361
LogInit: OS: Windows 10 (Release 1903) (), CPU: Intel(R) Core(TM) i7-6700K CPU @ 4.00GHz, GPU: NVIDIA GeForce GTX 970M
LogInit: Compiled (64-bit): Jun 18 2019 03:09:11
LogInit: Compiled with Visual C++: 19.16.27025.01
LogInit: Build Configuration: Development
LogInit: Branch Name: ++UE4+Release-4.22
LogInit: Command Line:  -EpicPortal -epicusername=GLaTAN -epicuserid=0142585569364dfb96e33450b4b96e97 -epiclocale=ja-JP
LogInit: Base Directory: C:/Program Files/Epic Games/UE_4.22/Engine/Binaries/Win64/
LogInit: Installed Engine Build: 1
LogDevObjectVersion: Number of dev versions registered: 23
LogDevObjectVersion:   Dev-Blueprints (B0D832E4-1F89-4F0D-ACCF-7EB736FD4AA2): 10
LogDevObjectVersion:   Dev-Build (E1C64328-A22C-4D53-A36C-8E866417BD8C): 0
LogDevObjectVersion:   Dev-Core (375EC13C-06E4-48FB-B500-84F0262A717E): 3
LogDevObjectVersion:   Dev-Editor (E4B068ED-F494-42E9-A231-DA0B2E46BB41): 30
LogDevObjectVersion:   Dev-Framework (CFFC743F-43B0-4480-9391-14DF171D2073): 35
LogDevObjectVersion:   Dev-Mobile (B02B49B5-BB20-44E9-A304-32B752E40360): 2
LogDevObjectVersion:   Dev-Networking (A4E4105C-59A1-49B5-A7C5-40C4547EDFEE): 0
LogDevObjectVersion:   Dev-Online (39C831C9-5AE6-47DC-9A44-9C173E1C8E7C): 0
LogDevObjectVersion:   Dev-Physics (78F01B33-EBEA-4F98-B9B4-84EACCB95AA2): 0
LogDevObjectVersion:   Dev-Platform (6631380F-2D4D-43E0-8009-CF276956A95A): 0
LogDevObjectVersion:   Dev-Rendering (12F88B9F-8875-4AFC-A67C-D90C383ABD29): 28
LogDevObjectVersion:   Dev-Sequencer (7B5AE74C-D270-4C10-A958-57980B212A5A): 11
LogDevObjectVersion:   Dev-VR (D7296918-1DD6-4BDD-9DE2-64A83CC13884): 2
LogDevObjectVersion:   Dev-LoadTimes (C2A15278-BFE7-4AFE-6C17-90FF531DF755): 1
LogDevObjectVersion:   Private-Geometry (6EACA3D4-40EC-4CC1-B786-8BED09428FC5): 3
LogDevObjectVersion:   Dev-AnimPhys (29E575DD-E0A3-4627-9D10-D276232CDCEA): 17
LogDevObjectVersion:   Dev-Anim (AF43A65D-7FD3-4947-9873-3E8ED9C1BB05): 2
LogDevObjectVersion:   Dev-ReflectionCapture (6B266CEC-1EC7-4B8F-A30B-E4D90942FC07): 1
LogDevObjectVersion:   Dev-Automation (0DF73D61-A23F-47EA-B727-89E90C41499A): 1
LogDevObjectVersion:   FortniteMain (601D1886-AC64-4F84-AA16-D3DE0DEAC7D6): 25
LogDevObjectVersion:   Dev-Enterprise (9DFFBCD6-494F-0158-E221-12823C92A888): 6
LogDevObjectVersion:   Dev-Niagara (F2AED0AC-9AFE-416F-8664-AA7FFA26D6FC): 1
LogDevObjectVersion:   Dev-Destruction (174F1F0B-B4C6-45A5-B13F-2EE8D0FB917D): 2
LogInit: Presizing for max 16777216 objects, including 0 objects not considered by GC, pre-allocating 0 bytes for permanent pool.
LogInit: Object subsystem initialized
LogConfig: Setting CVar [[con.DebugEarlyDefault:1]]
LogConfig: Setting CVar [[r.setres:1280x720]]
[2019.08.26-07.58.09:470][  0]LogConfig: Setting CVar [[r.VSync:0]]
[2019.08.26-07.58.09:470][  0]LogConfig: Setting CVar [[r.RHICmdBypass:0]]
[2019.08.26-07.58.09:470][  0]LogConfig: Applying CVar settings from Section [/Script/Engine.RendererSettings] File [C:/Users/GLaTAN/Git/19-U22-Instreal/MyProject/Saved/Config/Windows/Engine.ini]
[2019.08.26-07.58.09:470][  0]LogConfig: Setting CVar [[r.GPUCrashDebugging:0]]
[2019.08.26-07.58.09:470][  0]LogConfig: Setting CVar [[r.DefaultFeature.AutoExposure.ExtendDefaultLuminanceRange:1]]
[2019.08.26-07.58.09:470][  0]LogConfig: Applying CVar settings from Section [/Script/Engine.RendererOverrideSettings] File [C:/Users/GLaTAN/Git/19-U22-Instreal/MyProject/Saved/Config/Windows/Engine.ini]
[2019.08.26-07.58.09:470][  0]LogConfig: Applying CVar settings from Section [/Script/Engine.StreamingSettings] File [C:/Users/GLaTAN/Git/19-U22-Instreal/MyProject/Saved/Config/Windows/Engine.ini]
[2019.08.26-07.58.09:470][  0]LogConfig: Setting CVar [[s.MinBulkDataSizeForAsyncLoading:131072]]
[2019.08.26-07.58.09:470][  0]LogConfig: Setting CVar [[s.AsyncLoadingThreadEnabled:0]]
[2019.08.26-07.58.09:470][  0]LogConfig: Setting CVar [[s.EventDrivenLoaderEnabled:1]]
[2019.08.26-07.58.09:470][  0]LogConfig: Setting CVar [[s.WarnIfTimeLimitExceeded:0]]
[2019.08.26-07.58.09:470][  0]LogConfig: Setting CVar [[s.TimeLimitExceededMultiplier:1.5]]
[2019.08.26-07.58.09:470][  0]LogConfig: Setting CVar [[s.TimeLimitExceededMinTime:0.005]]
[2019.08.26-07.58.09:470][  0]LogConfig: Setting CVar [[s.UseBackgroundLevelStreaming:1]]
[2019.08.26-07.58.09:471][  0]LogConfig: Setting CVar [[s.PriorityAsyncLoadingExtraTime:15.0]]
[2019.08.26-07.58.09:471][  0]LogConfig: Setting CVar [[s.LevelStreamingActorsUpdateTimeLimit:5.0]]
[2019.08.26-07.58.09:471][  0]LogConfig: Setting CVar [[s.PriorityLevelStreamingActorsUpdateExtraTime:5.0]]
[2019.08.26-07.58.09:471][  0]LogConfig: Setting CVar [[s.LevelStreamingComponentsRegistrationGranularity:10]]
[2019.08.26-07.58.09:471][  0]LogConfig: Setting CVar [[s.UnregisterComponentsTimeLimit:1.0]]
[2019.08.26-07.58.09:471][  0]LogConfig: Setting CVar [[s.LevelStreamingComponentsUnregistrationGranularity:5]]
[2019.08.26-07.58.09:471][  0]LogConfig: Applying CVar settings from Section [/Script/Engine.GarbageCollectionSettings] File [C:/Users/GLaTAN/Git/19-U22-Instreal/MyProject/Saved/Config/Windows/Engine.ini]
[2019.08.26-07.58.09:471][  0]LogConfig: Setting CVar [[gc.MaxObjectsNotConsideredByGC:1]]
[2019.08.26-07.58.09:471][  0]LogConfig: Setting CVar [[gc.SizeOfPermanentObjectPool:0]]
[2019.08.26-07.58.09:471][  0]LogConfig: Setting CVar [[gc.FlushStreamingOnGC:0]]
[2019.08.26-07.58.09:471][  0]LogConfig: Setting CVar [[gc.NumRetriesBeforeForcingGC:10]]
[2019.08.26-07.58.09:471][  0]LogConfig: Setting CVar [[gc.AllowParallelGC:1]]
[2019.08.26-07.58.09:471][  0]LogConfig: Setting CVar [[gc.TimeBetweenPurgingPendingKillObjects:61.1]]
[2019.08.26-07.58.09:471][  0]LogConfig: Setting CVar [[gc.MaxObjectsInEditor:16777216]]
[2019.08.26-07.58.09:471][  0]LogConfig: Setting CVar [[gc.IncrementalBeginDestroyEnabled:1]]
[2019.08.26-07.58.09:471][  0]LogConfig: Setting CVar [[gc.CreateGCClusters:1]]
[2019.08.26-07.58.09:471][  0]LogConfig: Setting CVar [[gc.MinGCClusterSize:5]]
[2019.08.26-07.58.09:471][  0]LogConfig: Setting CVar [[gc.ActorClusteringEnabled:0]]
[2019.08.26-07.58.09:471][  0]LogConfig: Setting CVar [[gc.BlueprintClusteringEnabled:0]]
[2019.08.26-07.58.09:471][  0]LogConfig: Setting CVar [[gc.UseDisregardForGCOnDedicatedServers:0]]
[2019.08.26-07.58.09:471][  0]LogConfig: Applying CVar settings from Section [/Script/Engine.NetworkSettings] File [C:/Users/GLaTAN/Git/19-U22-Instreal/MyProject/Saved/Config/Windows/Engine.ini]
[2019.08.26-07.58.09:471][  0]LogConfig: Applying CVar settings from Section [/Script/UnrealEd.CookerSettings] File [C:/Users/GLaTAN/Git/19-U22-Instreal/MyProject/Saved/Config/Windows/Engine.ini]
[2019.08.26-07.58.09:473][  0]LogConfig: Applying CVar settings from Section [ViewDistanceQuality@3] File [C:/Users/GLaTAN/Git/19-U22-Instreal/MyProject/Saved/Config/Windows/Scalability.ini]
[2019.08.26-07.58.09:473][  0]LogConfig: Setting CVar [[r.SkeletalMeshLODBias:0]]
[2019.08.26-07.58.09:473][  0]LogConfig: Setting CVar [[r.ViewDistanceScale:1.0]]
[2019.08.26-07.58.09:473][  0]LogConfig: Applying CVar settings from Section [AntiAliasingQuality@3] File [C:/Users/GLaTAN/Git/19-U22-Instreal/MyProject/Saved/Config/Windows/Scalability.ini]
[2019.08.26-07.58.09:473][  0]LogConfig: Setting CVar [[r.PostProcessAAQuality:4]]
[2019.08.26-07.58.09:473][  0]LogConfig: Applying CVar settings from Section [ShadowQuality@3] File [C:/Users/GLaTAN/Git/19-U22-Instreal/MyProject/Saved/Config/Windows/Scalability.ini]
[2019.08.26-07.58.09:473][  0]LogConfig: Setting CVar [[r.LightFunctionQuality:1]]
[2019.08.26-07.58.09:473][  0]LogConfig: Setting CVar [[r.ShadowQuality:5]]
[2019.08.26-07.58.09:473][  0]LogConfig: Setting CVar [[r.Shadow.CSM.MaxCascades:10]]
[2019.08.26-07.58.09:473][  0]LogConfig: Setting CVar [[r.Shadow.MaxResolution:2048]]
[2019.08.26-07.58.09:473][  0]LogConfig: Setting CVar [[r.Shadow.MaxCSMResolution:2048]]
[2019.08.26-07.58.09:473][  0]LogConfig: Setting CVar [[r.Shadow.RadiusThreshold:0.01]]
[2019.08.26-07.58.09:473][  0]LogConfig: Setting CVar [[r.Shadow.DistanceScale:1.0]]
[2019.08.26-07.58.09:473][  0]LogConfig: Setting CVar [[r.Shadow.CSM.TransitionScale:1.0]]
[2019.08.26-07.58.09:473][  0]LogConfig: Setting CVar [[r.Shadow.PreShadowResolutionFactor:1.0]]
[2019.08.26-07.58.09:473][  0]LogConfig: Setting CVar [[r.DistanceFieldShadowing:1]]
[2019.08.26-07.58.09:473][  0]LogConfig: Setting CVar [[r.DistanceFieldAO:1]]
[2019.08.26-07.58.09:473][  0]LogConfig: Setting CVar [[r.AOQuality:2]]
[2019.08.26-07.58.09:473][  0]LogConfig: Setting CVar [[r.VolumetricFog:1]]
[2019.08.26-07.58.09:473][  0]LogConfig: Setting CVar [[r.VolumetricFog.GridPixelSize:8]]
[2019.08.26-07.58.09:473][  0]LogConfig: Setting CVar [[r.VolumetricFog.GridSizeZ:128]]
[2019.08.26-07.58.09:473][  0]LogConfig: Setting CVar [[r.VolumetricFog.HistoryMissSupersampleCount:4]]
[2019.08.26-07.58.09:473][  0]LogConfig: Setting CVar [[r.LightMaxDrawDistanceScale:1]]
[2019.08.26-07.58.09:473][  0]LogConfig: Setting CVar [[r.CapsuleShadows:1]]
[2019.08.26-07.58.09:473][  0]LogConfig: Applying CVar settings from Section [PostProcessQuality@3] File [C:/Users/GLaTAN/Git/19-U22-Instreal/MyProject/Saved/Config/Windows/Scalability.ini]
[2019.08.26-07.58.09:473][  0]LogConfig: Setting CVar [[r.MotionBlurQuality:4]]
[2019.08.26-07.58.09:473][  0]LogConfig: Setting CVar [[r.AmbientOcclusionMipLevelFactor:0.4]]
[2019.08.26-07.58.09:473][  0]LogConfig: Setting CVar [[r.AmbientOcclusionMaxQuality:100]]
[2019.08.26-07.58.09:473][  0]LogConfig: Setting CVar [[r.AmbientOcclusionLevels:-1]]
[2019.08.26-07.58.09:473][  0]LogConfig: Setting CVar [[r.AmbientOcclusionRadiusScale:1.0]]
[2019.08.26-07.58.09:473][  0]LogConfig: Setting CVar [[r.DepthOfFieldQuality:2]]
[2019.08.26-07.58.09:473][  0]LogConfig: Setting CVar [[r.RenderTargetPoolMin:400]]
[2019.08.26-07.58.09:473][  0]LogConfig: Setting CVar [[r.LensFlareQuality:2]]
[2019.08.26-07.58.09:473][  0]LogConfig: Setting CVar [[r.SceneColorFringeQuality:1]]
[2019.08.26-07.58.09:473][  0]LogConfig: Setting CVar [[r.EyeAdaptationQuality:2]]
[2019.08.26-07.58.09:473][  0]LogConfig: Setting CVar [[r.BloomQuality:5]]
[2019.08.26-07.58.09:473][  0]LogConfig: Setting CVar [[r.FastBlurThreshold:100]]
[2019.08.26-07.58.09:473][  0]LogConfig: Setting CVar [[r.Upscale.Quality:3]]
[2019.08.26-07.58.09:473][  0]LogConfig: Setting CVar [[r.Tonemapper.GrainQuantization:1]]
[2019.08.26-07.58.09:473][  0]LogConfig: Setting CVar [[r.LightShaftQuality:1]]
[2019.08.26-07.58.09:473][  0]LogConfig: Setting CVar [[r.Filter.SizeScale:1]]
[2019.08.26-07.58.09:473][  0]LogConfig: Setting CVar [[r.Tonemapper.Quality:5]]
[2019.08.26-07.58.09:473][  0]LogConfig: Setting CVar [[r.DOF.Gather.AccumulatorQuality:1        ; higher gathering accumulator quality]]
[2019.08.26-07.58.09:473][  0]LogConfig: Setting CVar [[r.DOF.Gather.PostfilterMethod:1          ; Median3x3 postfilering method]]
[2019.08.26-07.58.09:473][  0]LogConfig: Setting CVar [[r.DOF.Gather.EnableBokehSettings:0       ; no bokeh simulation when gathering]]
[2019.08.26-07.58.09:473][  0]LogConfig: Setting CVar [[r.DOF.Gather.RingCount:4                 ; medium number of samples when gathering]]
[2019.08.26-07.58.09:473][  0]LogConfig: Setting CVar [[r.DOF.Scatter.ForegroundCompositing:1    ; additive foreground scattering]]
[2019.08.26-07.58.09:473][  0]LogConfig: Setting CVar [[r.DOF.Scatter.BackgroundCompositing:2    ; additive background scattering]]
[2019.08.26-07.58.09:473][  0]LogConfig: Setting CVar [[r.DOF.Scatter.EnableBokehSettings:1      ; bokeh simulation when scattering]]
[2019.08.26-07.58.09:473][  0]LogConfig: Setting CVar [[r.DOF.Scatter.MaxSpriteRatio:0.1         ; only a maximum of 10% of scattered bokeh]]
[2019.08.26-07.58.09:473][  0]LogConfig: Setting CVar [[r.DOF.Recombine.Quality:1                ; cheap slight out of focus]]
[2019.08.26-07.58.09:473][  0]LogConfig: Setting CVar [[r.DOF.Recombine.EnableBokehSettings:0    ; no bokeh simulation on slight out of focus]]
[2019.08.26-07.58.09:474][  0]LogConfig: Setting CVar [[r.DOF.TemporalAAQuality:1                ; more stable temporal accumulation]]
[2019.08.26-07.58.09:474][  0]LogConfig: Setting CVar [[r.DOF.Kernel.MaxForegroundRadius:0.025]]
[2019.08.26-07.58.09:474][  0]LogConfig: Setting CVar [[r.DOF.Kernel.MaxBackgroundRadius:0.025]]
[2019.08.26-07.58.09:474][  0]LogConfig: Applying CVar settings from Section [TextureQuality@3] File [C:/Users/GLaTAN/Git/19-U22-Instreal/MyProject/Saved/Config/Windows/Scalability.ini]
[2019.08.26-07.58.09:474][  0]LogConfig: Setting CVar [[r.Streaming.MipBias:0]]
[2019.08.26-07.58.09:474][  0]LogConfig: Setting CVar [[r.Streaming.AmortizeCPUToGPUCopy:0]]
[2019.08.26-07.58.09:474][  0]LogConfig: Setting CVar [[r.Streaming.MaxNumTexturesToStreamPerFrame:0]]
[2019.08.26-07.58.09:474][  0]LogConfig: Setting CVar [[r.Streaming.Boost:1]]
[2019.08.26-07.58.09:474][  0]LogConfig: Setting CVar [[r.MaxAnisotropy:8]]
[2019.08.26-07.58.09:474][  0]LogConfig: Setting CVar [[r.Streaming.LimitPoolSizeToVRAM:0]]
[2019.08.26-07.58.09:474][  0]LogConfig: Setting CVar [[r.Streaming.PoolSize:1000]]
[2019.08.26-07.58.09:474][  0]LogConfig: Setting CVar [[r.Streaming.MaxEffectiveScreenSize:0]]
[2019.08.26-07.58.09:474][  0]LogConfig: Applying CVar settings from Section [EffectsQuality@3] File [C:/Users/GLaTAN/Git/19-U22-Instreal/MyProject/Saved/Config/Windows/Scalability.ini]
[2019.08.26-07.58.09:474][  0]LogConfig: Setting CVar [[r.TranslucencyLightingVolumeDim:64]]
[2019.08.26-07.58.09:474][  0]LogConfig: Setting CVar [[r.RefractionQuality:2]]
[2019.08.26-07.58.09:474][  0]LogConfig: Setting CVar [[r.SSR.Quality:3]]
[2019.08.26-07.58.09:474][  0]LogConfig: Setting CVar [[r.SceneColorFormat:4]]
[2019.08.26-07.58.09:474][  0]LogConfig: Setting CVar [[r.DetailMode:2]]
[2019.08.26-07.58.09:474][  0]LogConfig: Setting CVar [[r.TranslucencyVolumeBlur:1]]
[2019.08.26-07.58.09:474][  0]LogConfig: Setting CVar [[r.MaterialQualityLevel:1 ; High quality]]
[2019.08.26-07.58.09:474][  0]LogConfig: Setting CVar [[r.SSS.Scale:1]]
[2019.08.26-07.58.09:474][  0]LogConfig: Setting CVar [[r.SSS.SampleSet:2]]
[2019.08.26-07.58.09:474][  0]LogConfig: Setting CVar [[r.SSS.Quality:1]]
[2019.08.26-07.58.09:474][  0]LogConfig: Setting CVar [[r.SSS.HalfRes:1]]
[2019.08.26-07.58.09:474][  0]LogConfig: Setting CVar [[r.EmitterSpawnRateScale:1.0]]
[2019.08.26-07.58.09:474][  0]LogConfig: Setting CVar [[r.ParticleLightQuality:2]]
[2019.08.26-07.58.09:474][  0]LogConfig: Applying CVar settings from Section [FoliageQuality@3] File [C:/Users/GLaTAN/Git/19-U22-Instreal/MyProject/Saved/Config/Windows/Scalability.ini]
[2019.08.26-07.58.09:474][  0]LogConfig: Setting CVar [[foliage.DensityScale:1.0]]
[2019.08.26-07.58.09:474][  0]LogConfig: Setting CVar [[grass.DensityScale:1.0]]
[2019.08.26-07.58.09:474][  0]LogInit: Selected Device Profile: [Windows]
[2019.08.26-07.58.09:474][  0]LogInit: Applying CVar settings loaded from the selected device profile: [Windows]
[2019.08.26-07.58.09:489][  0]LogHAL: Display: Platform has ~ 16 GB [17138737152 / 17179869184 / 16], which maps to Larger [LargestMinGB=32, LargerMinGB=12, DefaultMinGB=8, SmallerMinGB=6, SmallestMinGB=0)
[2019.08.26-07.58.09:489][  0]LogConfig: Setting CVar [[r.Vulkan.UseRealUBs:0		; Required until we fix HLR fall-out]]
[2019.08.26-07.58.09:489][  0]LogInit: Going up to parent DeviceProfile []
[2019.08.26-07.58.09:489][  0]LogConfig: Applying CVar settings from Section [ViewDistanceQuality@3] File [C:/Users/GLaTAN/Git/19-U22-Instreal/MyProject/Saved/Config/Windows/Scalability.ini]
[2019.08.26-07.58.09:489][  0]LogConfig: Setting CVar [[r.SkeletalMeshLODBias:0]]
[2019.08.26-07.58.09:489][  0]LogConfig: Setting CVar [[r.ViewDistanceScale:1.0]]
[2019.08.26-07.58.09:489][  0]LogConfig: Applying CVar settings from Section [AntiAliasingQuality@3] File [C:/Users/GLaTAN/Git/19-U22-Instreal/MyProject/Saved/Config/Windows/Scalability.ini]
[2019.08.26-07.58.09:489][  0]LogConfig: Setting CVar [[r.PostProcessAAQuality:4]]
[2019.08.26-07.58.09:489][  0]LogConfig: Applying CVar settings from Section [ShadowQuality@3] File [C:/Users/GLaTAN/Git/19-U22-Instreal/MyProject/Saved/Config/Windows/Scalability.ini]
[2019.08.26-07.58.09:489][  0]LogConfig: Setting CVar [[r.LightFunctionQuality:1]]
[2019.08.26-07.58.09:489][  0]LogConfig: Setting CVar [[r.ShadowQuality:5]]
[2019.08.26-07.58.09:489][  0]LogConfig: Setting CVar [[r.Shadow.CSM.MaxCascades:10]]
[2019.08.26-07.58.09:489][  0]LogConfig: Setting CVar [[r.Shadow.MaxResolution:2048]]
[2019.08.26-07.58.09:489][  0]LogConfig: Setting CVar [[r.Shadow.MaxCSMResolution:2048]]
[2019.08.26-07.58.09:489][  0]LogConfig: Setting CVar [[r.Shadow.RadiusThreshold:0.01]]
[2019.08.26-07.58.09:489][  0]LogConfig: Setting CVar [[r.Shadow.DistanceScale:1.0]]
[2019.08.26-07.58.09:489][  0]LogConfig: Setting CVar [[r.Shadow.CSM.TransitionScale:1.0]]
[2019.08.26-07.58.09:489][  0]LogConfig: Setting CVar [[r.Shadow.PreShadowResolutionFactor:1.0]]
[2019.08.26-07.58.09:489][  0]LogConfig: Setting CVar [[r.DistanceFieldShadowing:1]]
[2019.08.26-07.58.09:489][  0]LogConfig: Setting CVar [[r.DistanceFieldAO:1]]
[2019.08.26-07.58.09:489][  0]LogConfig: Setting CVar [[r.AOQuality:2]]
[2019.08.26-07.58.09:489][  0]LogConfig: Setting CVar [[r.VolumetricFog:1]]
[2019.08.26-07.58.09:489][  0]LogConfig: Setting CVar [[r.VolumetricFog.GridPixelSize:8]]
[2019.08.26-07.58.09:489][  0]LogConfig: Setting CVar [[r.VolumetricFog.GridSizeZ:128]]
[2019.08.26-07.58.09:489][  0]LogConfig: Setting CVar [[r.VolumetricFog.HistoryMissSupersampleCount:4]]
[2019.08.26-07.58.09:489][  0]LogConfig: Setting CVar [[r.LightMaxDrawDistanceScale:1]]
[2019.08.26-07.58.09:489][  0]LogConfig: Setting CVar [[r.CapsuleShadows:1]]
[2019.08.26-07.58.09:489][  0]LogConfig: Applying CVar settings from Section [PostProcessQuality@3] File [C:/Users/GLaTAN/Git/19-U22-Instreal/MyProject/Saved/Config/Windows/Scalability.ini]
[2019.08.26-07.58.09:489][  0]LogConfig: Setting CVar [[r.MotionBlurQuality:4]]
[2019.08.26-07.58.09:489][  0]LogConfig: Setting CVar [[r.AmbientOcclusionMipLevelFactor:0.4]]
[2019.08.26-07.58.09:489][  0]LogConfig: Setting CVar [[r.AmbientOcclusionMaxQuality:100]]
[2019.08.26-07.58.09:489][  0]LogConfig: Setting CVar [[r.AmbientOcclusionLevels:-1]]
[2019.08.26-07.58.09:489][  0]LogConfig: Setting CVar [[r.AmbientOcclusionRadiusScale:1.0]]
[2019.08.26-07.58.09:489][  0]LogConfig: Setting CVar [[r.DepthOfFieldQuality:2]]
[2019.08.26-07.58.09:489][  0]LogConfig: Setting CVar [[r.RenderTargetPoolMin:400]]
[2019.08.26-07.58.09:489][  0]LogConfig: Setting CVar [[r.LensFlareQuality:2]]
[2019.08.26-07.58.09:489][  0]LogConfig: Setting CVar [[r.SceneColorFringeQuality:1]]
[2019.08.26-07.58.09:489][  0]LogConfig: Setting CVar [[r.EyeAdaptationQuality:2]]
[2019.08.26-07.58.09:489][  0]LogConfig: Setting CVar [[r.BloomQuality:5]]
[2019.08.26-07.58.09:489][  0]LogConfig: Setting CVar [[r.FastBlurThreshold:100]]
[2019.08.26-07.58.09:489][  0]LogConfig: Setting CVar [[r.Upscale.Quality:3]]
[2019.08.26-07.58.09:489][  0]LogConfig: Setting CVar [[r.Tonemapper.GrainQuantization:1]]
[2019.08.26-07.58.09:489][  0]LogConfig: Setting CVar [[r.LightShaftQuality:1]]
[2019.08.26-07.58.09:489][  0]LogConfig: Setting CVar [[r.Filter.SizeScale:1]]
[2019.08.26-07.58.09:489][  0]LogConfig: Setting CVar [[r.Tonemapper.Quality:5]]
[2019.08.26-07.58.09:489][  0]LogConfig: Setting CVar [[r.DOF.Gather.AccumulatorQuality:1        ; higher gathering accumulator quality]]
[2019.08.26-07.58.09:489][  0]LogConfig: Setting CVar [[r.DOF.Gather.PostfilterMethod:1          ; Median3x3 postfilering method]]
[2019.08.26-07.58.09:489][  0]LogConfig: Setting CVar [[r.DOF.Gather.EnableBokehSettings:0       ; no bokeh simulation when gathering]]
[2019.08.26-07.58.09:489][  0]LogConfig: Setting CVar [[r.DOF.Gather.RingCount:4                 ; medium number of samples when gathering]]
[2019.08.26-07.58.09:489][  0]LogConfig: Setting CVar [[r.DOF.Scatter.ForegroundCompositing:1    ; additive foreground scattering]]
[2019.08.26-07.58.09:489][  0]LogConfig: Setting CVar [[r.DOF.Scatter.BackgroundCompositing:2    ; additive background scattering]]
[2019.08.26-07.58.09:489][  0]LogConfig: Setting CVar [[r.DOF.Scatter.EnableBokehSettings:1      ; bokeh simulation when scattering]]
[2019.08.26-07.58.09:489][  0]LogConfig: Setting CVar [[r.DOF.Scatter.MaxSpriteRatio:0.1         ; only a maximum of 10% of scattered bokeh]]
[2019.08.26-07.58.09:489][  0]LogConfig: Setting CVar [[r.DOF.Recombine.Quality:1                ; cheap slight out of focus]]
[2019.08.26-07.58.09:489][  0]LogConfig: Setting CVar [[r.DOF.Recombine.EnableBokehSettings:0    ; no bokeh simulation on slight out of focus]]
[2019.08.26-07.58.09:489][  0]LogConfig: Setting CVar [[r.DOF.TemporalAAQuality:1                ; more stable temporal accumulation]]
[2019.08.26-07.58.09:489][  0]LogConfig: Setting CVar [[r.DOF.Kernel.MaxForegroundRadius:0.025]]
[2019.08.26-07.58.09:489][  0]LogConfig: Setting CVar [[r.DOF.Kernel.MaxBackgroundRadius:0.025]]
[2019.08.26-07.58.09:489][  0]LogConfig: Applying CVar settings from Section [TextureQuality@3] File [C:/Users/GLaTAN/Git/19-U22-Instreal/MyProject/Saved/Config/Windows/Scalability.ini]
[2019.08.26-07.58.09:489][  0]LogConfig: Setting CVar [[r.Streaming.MipBias:0]]
[2019.08.26-07.58.09:489][  0]LogConfig: Setting CVar [[r.Streaming.AmortizeCPUToGPUCopy:0]]
[2019.08.26-07.58.09:489][  0]LogConfig: Setting CVar [[r.Streaming.MaxNumTexturesToStreamPerFrame:0]]
[2019.08.26-07.58.09:489][  0]LogConfig: Setting CVar [[r.Streaming.Boost:1]]
[2019.08.26-07.58.09:489][  0]LogConfig: Setting CVar [[r.MaxAnisotropy:8]]
[2019.08.26-07.58.09:489][  0]LogConfig: Setting CVar [[r.Streaming.LimitPoolSizeToVRAM:0]]
[2019.08.26-07.58.09:489][  0]LogConfig: Setting CVar [[r.Streaming.PoolSize:1000]]
[2019.08.26-07.58.09:489][  0]LogConfig: Setting CVar [[r.Streaming.MaxEffectiveScreenSize:0]]
[2019.08.26-07.58.09:490][  0]LogConfig: Applying CVar settings from Section [EffectsQuality@3] File [C:/Users/GLaTAN/Git/19-U22-Instreal/MyProject/Saved/Config/Windows/Scalability.ini]
[2019.08.26-07.58.09:490][  0]LogConfig: Setting CVar [[r.TranslucencyLightingVolumeDim:64]]
[2019.08.26-07.58.09:490][  0]LogConfig: Setting CVar [[r.RefractionQuality:2]]
[2019.08.26-07.58.09:490][  0]LogConfig: Setting CVar [[r.SSR.Quality:3]]
[2019.08.26-07.58.09:490][  0]LogConfig: Setting CVar [[r.SceneColorFormat:4]]
[2019.08.26-07.58.09:490][  0]LogConfig: Setting CVar [[r.DetailMode:2]]
[2019.08.26-07.58.09:490][  0]LogConfig: Setting CVar [[r.TranslucencyVolumeBlur:1]]
[2019.08.26-07.58.09:490][  0]LogConfig: Setting CVar [[r.MaterialQualityLevel:1 ; High quality]]
[2019.08.26-07.58.09:490][  0]LogConfig: Setting CVar [[r.SSS.Scale:1]]
[2019.08.26-07.58.09:490][  0]LogConfig: Setting CVar [[r.SSS.SampleSet:2]]
[2019.08.26-07.58.09:490][  0]LogConfig: Setting CVar [[r.SSS.Quality:1]]
[2019.08.26-07.58.09:490][  0]LogConfig: Setting CVar [[r.SSS.HalfRes:1]]
[2019.08.26-07.58.09:490][  0]LogConfig: Setting CVar [[r.EmitterSpawnRateScale:1.0]]
[2019.08.26-07.58.09:490][  0]LogConfig: Setting CVar [[r.ParticleLightQuality:2]]
[2019.08.26-07.58.09:490][  0]LogConfig: Applying CVar settings from Section [FoliageQuality@3] File [C:/Users/GLaTAN/Git/19-U22-Instreal/MyProject/Saved/Config/Windows/Scalability.ini]
[2019.08.26-07.58.09:490][  0]LogConfig: Setting CVar [[foliage.DensityScale:1.0]]
[2019.08.26-07.58.09:490][  0]LogConfig: Setting CVar [[grass.DensityScale:1.0]]
[2019.08.26-07.58.09:490][  0]LogConfig: Applying CVar settings from Section [Startup] File [../../../Engine/Config/ConsoleVariables.ini]
[2019.08.26-07.58.09:490][  0]LogConfig: Setting CVar [[net.UseAdaptiveNetUpdateFrequency:0]]
[2019.08.26-07.58.09:490][  0]LogConfig: Setting CVar [[p.chaos.AllowCreatePhysxBodies:1]]
[2019.08.26-07.58.09:490][  0]LogConfig: Applying CVar settings from Section [ConsoleVariables] File [C:/Users/GLaTAN/Git/19-U22-Instreal/MyProject/Saved/Config/Windows/Engine.ini]
[2019.08.26-07.58.09:490][  0]LogInit: Computer: DESKTOP-RD0JJ78
[2019.08.26-07.58.09:490][  0]LogInit: User: GLaTAN
[2019.08.26-07.58.09:490][  0]LogInit: CPU Page size=4096, Cores=4
[2019.08.26-07.58.09:490][  0]LogInit: High frequency timer resolution =10.000000 MHz
[2019.08.26-07.58.09:490][  0]LogMemory: Memory total: Physical=16.0GB (16GB approx)
[2019.08.26-07.58.09:490][  0]LogMemory: Platform Memory Stats for Windows
[2019.08.26-07.58.09:490][  0]LogMemory: Process Physical Memory: 96.41 MB used, 96.42 MB peak
[2019.08.26-07.58.09:490][  0]LogMemory: Process Virtual Memory: 90.37 MB used, 90.37 MB peak
[2019.08.26-07.58.09:490][  0]LogMemory: Physical Memory: 5895.31 MB used,  10449.46 MB free, 16344.77 MB total
[2019.08.26-07.58.09:490][  0]LogMemory: Virtual Memory: 4643.80 MB used,  134213088.00 MB free, 134217728.00 MB total
[2019.08.26-07.58.09:502][  0]LogInit: Using OS detected language (ja-JP).
[2019.08.26-07.58.09:502][  0]LogInit: Using OS detected locale (ja-JP).
[2019.08.26-07.58.09:502][  0]LogTextLocalizationManager: No specific localization for 'ja-JP' exists, so the 'ja' localization will be used.
[2019.08.26-07.58.09:553][  0]LogInit: Setting process to per monitor DPI aware
[2019.08.26-07.58.09:592][  0]LogSlate: New Slate User Created.  User Index 0, Is Virtual User: 0
[2019.08.26-07.58.09:592][  0]LogSlate: Slate User Registered.  User Index 0, Is Virtual User: 0
[2019.08.26-07.58.09:722][  0]LogHMD: Failed to initialize OpenVR with code 110
[2019.08.26-07.58.09:722][  0]LogD3D11RHI: D3D11 adapters:
[2019.08.26-07.58.09:758][  0]LogD3D11RHI:    0. 'NVIDIA GeForce GTX 970M' (Feature Level 11_0)
[2019.08.26-07.58.09:758][  0]LogD3D11RHI:       6106/0/8172 MB DedicatedVideo/DedicatedSystem/SharedSystem, Outputs:1, VendorId:0x10de
[2019.08.26-07.58.09:760][  0]LogD3D11RHI:    1. 'Microsoft Basic Render Driver' (Feature Level 11_0)
[2019.08.26-07.58.09:760][  0]LogD3D11RHI:       0/0/8172 MB DedicatedVideo/DedicatedSystem/SharedSystem, Outputs:0, VendorId:0x1414
[2019.08.26-07.58.09:761][  0]LogD3D11RHI: Chosen D3D11 Adapter: 0
[2019.08.26-07.58.09:766][  0]LogD3D11RHI: Creating new Direct3DDevice
[2019.08.26-07.58.09:766][  0]LogD3D11RHI:     GPU DeviceId: 0x13d8 (for the marketing name, search the web for "GPU Device Id")
[2019.08.26-07.58.09:766][  0]LogWindows: EnumDisplayDevices:
[2019.08.26-07.58.09:766][  0]LogWindows:    0. 'NVIDIA GeForce GTX 970M' (P:1 D:1)
[2019.08.26-07.58.09:766][  0]LogWindows:    1. 'NVIDIA GeForce GTX 970M' (P:0 D:0)
[2019.08.26-07.58.09:766][  0]LogWindows:    2. 'NVIDIA GeForce GTX 970M' (P:0 D:0)
[2019.08.26-07.58.09:767][  0]LogWindows:    3. 'NVIDIA GeForce GTX 970M' (P:0 D:0)
[2019.08.26-07.58.09:767][  0]LogWindows: DebugString: FoundDriverCount:4 
[2019.08.26-07.58.09:767][  0]LogD3D11RHI:     Adapter Name: NVIDIA GeForce GTX 970M
[2019.08.26-07.58.09:767][  0]LogD3D11RHI:   Driver Version: 382.05 (internal:22.21.13.8205, unified:382.05)
[2019.08.26-07.58.09:767][  0]LogD3D11RHI:      Driver Date: 5-1-2017
[2019.08.26-07.58.09:767][  0]LogRHI: Texture pool is 4274 MB (70% of 6106 MB)
[2019.08.26-07.58.09:791][  0]LogD3D11RHI: Async texture creation enabled
[2019.08.26-07.58.09:794][  0]LogRendererCore: FGlobalReadBuffer::InitRHI
[2019.08.26-07.58.09:794][  0]LogRendererCore: FGlobalReadBuffer::InitRHI
[2019.08.26-07.58.09:794][  0]LogRendererCore: FGlobalReadBuffer::InitRHI
[2019.08.26-07.58.09:801][  0]LogD3D11RHI: GPU Timing Frequency: 1000.000000 (Debug: 2 1)
[2019.08.26-07.58.10:066][  0]LogTemp: Display: Module 'AllDesktopTargetPlatform' loaded TargetPlatform 'AllDesktop'
[2019.08.26-07.58.10:077][  0]LogTemp: Display: Module 'MacClientTargetPlatform' loaded TargetPlatform 'MacClient'
[2019.08.26-07.58.10:088][  0]LogTemp: Display: Module 'MacNoEditorTargetPlatform' loaded TargetPlatform 'MacNoEditor'
[2019.08.26-07.58.10:099][  0]LogTemp: Display: Module 'MacServerTargetPlatform' loaded TargetPlatform 'MacServer'
[2019.08.26-07.58.10:110][  0]LogTemp: Display: Module 'MacTargetPlatform' loaded TargetPlatform 'Mac'
[2019.08.26-07.58.10:122][  0]LogTemp: Display: Module 'WindowsClientTargetPlatform' loaded TargetPlatform 'WindowsClient'
[2019.08.26-07.58.10:139][  0]LogTemp: Display: Module 'WindowsNoEditorTargetPlatform' loaded TargetPlatform 'WindowsNoEditor'
[2019.08.26-07.58.10:151][  0]LogTemp: Display: Module 'WindowsServerTargetPlatform' loaded TargetPlatform 'WindowsServer'
[2019.08.26-07.58.10:156][  0]LogTemp: Display: Module 'WindowsTargetPlatform' loaded TargetPlatform 'Windows'
[2019.08.26-07.58.10:220][  0]LogTemp: Display: Module 'AndroidTargetPlatform' loaded TargetPlatform 'Android'
[2019.08.26-07.58.10:220][  0]LogTemp: Display: Module 'AndroidTargetPlatform' loaded TargetPlatform 'Android_ASTC'
[2019.08.26-07.58.10:220][  0]LogTemp: Display: Module 'AndroidTargetPlatform' loaded TargetPlatform 'Android_ATC'
[2019.08.26-07.58.10:220][  0]LogTemp: Display: Module 'AndroidTargetPlatform' loaded TargetPlatform 'Android_DXT'
[2019.08.26-07.58.10:220][  0]LogTemp: Display: Module 'AndroidTargetPlatform' loaded TargetPlatform 'Android_ETC1'
[2019.08.26-07.58.10:220][  0]LogTemp: Display: Module 'AndroidTargetPlatform' loaded TargetPlatform 'Android_ETC1a'
[2019.08.26-07.58.10:220][  0]LogTemp: Display: Module 'AndroidTargetPlatform' loaded TargetPlatform 'Android_ETC2'
[2019.08.26-07.58.10:220][  0]LogTemp: Display: Module 'AndroidTargetPlatform' loaded TargetPlatform 'Android_PVRTC'
[2019.08.26-07.58.10:220][  0]LogTemp: Display: Module 'AndroidTargetPlatform' loaded TargetPlatform 'AndroidClient'
[2019.08.26-07.58.10:220][  0]LogTemp: Display: Module 'AndroidTargetPlatform' loaded TargetPlatform 'Android_ASTCClient'
[2019.08.26-07.58.10:220][  0]LogTemp: Display: Module 'AndroidTargetPlatform' loaded TargetPlatform 'Android_ATCClient'
[2019.08.26-07.58.10:220][  0]LogTemp: Display: Module 'AndroidTargetPlatform' loaded TargetPlatform 'Android_DXTClient'
[2019.08.26-07.58.10:220][  0]LogTemp: Display: Module 'AndroidTargetPlatform' loaded TargetPlatform 'Android_ETC1Client'
[2019.08.26-07.58.10:220][  0]LogTemp: Display: Module 'AndroidTargetPlatform' loaded TargetPlatform 'Android_ETC1aClient'
[2019.08.26-07.58.10:220][  0]LogTemp: Display: Module 'AndroidTargetPlatform' loaded TargetPlatform 'Android_ETC2Client'
[2019.08.26-07.58.10:220][  0]LogTemp: Display: Module 'AndroidTargetPlatform' loaded TargetPlatform 'Android_PVRTCClient'
[2019.08.26-07.58.10:220][  0]LogTemp: Display: Module 'AndroidTargetPlatform' loaded TargetPlatform 'Android_Multi'
[2019.08.26-07.58.10:220][  0]LogTemp: Display: Module 'AndroidTargetPlatform' loaded TargetPlatform 'Android_MultiClient'
[2019.08.26-07.58.10:221][  0]LogTemp: Display: Module 'HTML5TargetPlatform' loaded TargetPlatform 'HTML5'
[2019.08.26-07.58.10:267][  0]LogTemp: Display: Module 'IOSTargetPlatform' loaded TargetPlatform 'IOSClient'
[2019.08.26-07.58.10:267][  0]LogTemp: Display: Module 'IOSTargetPlatform' loaded TargetPlatform 'IOS'
[2019.08.26-07.58.10:323][  0]LogTemp: Display: Module 'TVOSTargetPlatform' loaded TargetPlatform 'TVOSClient'
[2019.08.26-07.58.10:323][  0]LogTemp: Display: Module 'TVOSTargetPlatform' loaded TargetPlatform 'TVOS'
[2019.08.26-07.58.10:351][  0]LogTemp: Display: Module 'LinuxClientTargetPlatform' loaded TargetPlatform 'LinuxClient'
[2019.08.26-07.58.10:369][  0]LogTemp: Display: Module 'LinuxNoEditorTargetPlatform' loaded TargetPlatform 'LinuxNoEditor'
[2019.08.26-07.58.10:385][  0]LogTemp: Display: Module 'LinuxServerTargetPlatform' loaded TargetPlatform 'LinuxServer'
[2019.08.26-07.58.10:395][  0]LogTemp: Display: Module 'LinuxTargetPlatform' loaded TargetPlatform 'Linux'
[2019.08.26-07.58.10:430][  0]LogTemp: Display: Module 'LuminTargetPlatform' loaded TargetPlatform 'Lumin'
[2019.08.26-07.58.10:430][  0]LogTemp: Display: Module 'LuminTargetPlatform' loaded TargetPlatform 'LuminClient'
[2019.08.26-07.58.10:430][  0]LogTargetPlatformManager: Display: Building Assets For Windows
[2019.08.26-07.58.10:436][  0]LogAudioDebug: Display: Lib vorbis DLL was dynamically loaded.
[2019.08.26-07.58.10:475][  0]LogShaderCompilers: Guid format shader working directory is -13 characters bigger than the processId version (../../../../../../Users/GLaTAN/Git/19-U22-Instreal/MyProject/Intermediate/Shaders/WorkingDirectory/6228/).
[2019.08.26-07.58.10:475][  0]LogShaderCompilers: Cleaned the shader compiler working directory 'C:/Users/GLaTAN/AppData/Local/Temp/UnrealShaderWorkingDir/C011E3A74759E0256D102E9FB32C9F95/'.
[2019.08.26-07.58.10:477][  0]LogXGEController: Cannot use XGE Controller as Incredibuild is not installed on this machine.
[2019.08.26-07.58.10:477][  0]LogShaderCompilers: Cannot use XGE Shader Compiler as Incredibuild is not installed on this machine.
[2019.08.26-07.58.10:477][  0]LogShaderCompilers: Display: Using Local Shader Compiler.
[2019.08.26-07.58.10:957][  0]LogDerivedDataCache: Display: Max Cache Size: 512 MB
[2019.08.26-07.58.11:007][  0]LogDerivedDataCache: Loaded boot cache 0.05s 88MB C:/Users/GLaTAN/AppData/Local/UnrealEngine/4.22/DerivedDataCache/Boot.ddc.
[2019.08.26-07.58.11:007][  0]LogDerivedDataCache: Display: Loaded Boot cache: C:/Users/GLaTAN/AppData/Local/UnrealEngine/4.22/DerivedDataCache/Boot.ddc
[2019.08.26-07.58.11:007][  0]LogDerivedDataCache: FDerivedDataBackendGraph:  Pak pak cache file ../../../../../../Users/GLaTAN/Git/19-U22-Instreal/MyProject/DerivedDataCache/DDC.ddp not found, will not use a pak cache.
[2019.08.26-07.58.11:007][  0]LogDerivedDataCache: Unable to find inner node Pak for hierarchical cache Hierarchy.
[2019.08.26-07.58.11:007][  0]LogDerivedDataCache: FDerivedDataBackendGraph:  CompressedPak pak cache file ../../../../../../Users/GLaTAN/Git/19-U22-Instreal/MyProject/DerivedDataCache/Compressed.ddp not found, will not use a pak cache.
[2019.08.26-07.58.11:007][  0]LogDerivedDataCache: Unable to find inner node CompressedPak for hierarchical cache Hierarchy.
[2019.08.26-07.58.11:018][  0]LogDerivedDataCache: Display: Pak cache opened for reading ../../../Engine/DerivedDataCache/Compressed.ddp.
[2019.08.26-07.58.11:021][  0]LogDerivedDataCache: Display: Pak cache opened for reading ../../../Enterprise/DerivedDataCache/Compressed.ddp.
[2019.08.26-07.58.11:032][  0]LogDerivedDataCache: Using Local data cache path C:/Users/GLaTAN/AppData/Local/UnrealEngine/Common/DerivedDataCache: Writable
[2019.08.26-07.58.11:032][  0]LogDerivedDataCache: Shared data cache path not found in *engine.ini, will not use an Shared cache.
[2019.08.26-07.58.11:032][  0]LogDerivedDataCache: Unable to find inner node Shared for hierarchical cache Hierarchy.
[2019.08.26-07.58.11:060][  0]LogMaterial: Verifying Global Shaders for PCD3D_SM5
[2019.08.26-07.58.11:062][  0]LogSlate: Using FreeType 2.6.0
[2019.08.26-07.58.11:063][  0]LogSlate: SlateFontServices - WITH_FREETYPE: 1, WITH_HARFBUZZ: 1
[2019.08.26-07.58.11:142][  0]LogAssetRegistry: FAssetRegistry took 0.0305 seconds to start up
[2019.08.26-07.58.11:397][  0]LogInit: Selected Device Profile: [Windows]
[2019.08.26-07.58.11:510][  0]LogMeshReduction: Using QuadricMeshReduction for automatic static mesh reduction
[2019.08.26-07.58.11:510][  0]LogMeshReduction: Using SimplygonMeshReduction for automatic skeletal mesh reduction
[2019.08.26-07.58.11:510][  0]LogMeshReduction: Using ProxyLODMeshReduction for automatic mesh merging
[2019.08.26-07.58.11:510][  0]LogMeshReduction: No distributed automatic mesh merging module available
[2019.08.26-07.58.11:510][  0]LogMeshMerging: No distributed automatic mesh merging module available
[2019.08.26-07.58.11:518][  0]LogNetVersion: MyProject 1.0.0, NetCL: 5660361, EngineNetVer: 10, GameNetVer: 0 (Checksum: 2788865488)
[2019.08.26-07.58.11:845][  0]LogPackageLocalizationCache: Processed 10 localized package path(s) for 1 prioritized culture(s) in 0.035706 seconds
[2019.08.26-07.58.11:850][  0]LogUObjectArray: 42205 objects as part of root set at end of initial load.
[2019.08.26-07.58.11:851][  0]LogUObjectAllocator: 7325032 out of 0 bytes used by permanent object pool.
[2019.08.26-07.58.11:851][  0]LogUObjectArray: CloseDisregardForGC: 0/0 objects in disregard for GC pool
[2019.08.26-07.58.12:467][  0]LogTcpMessaging: Initializing TcpMessaging bridge
[2019.08.26-07.58.12:479][  0]LogUdpMessaging: Initializing bridge on interface 0.0.0.0:0 to multicast group 230.0.0.1:6666.
[2019.08.26-07.58.12:657][  0]SourceControl: ソースコントロールは無効です
[2019.08.26-07.58.12:657][  0]SourceControl: ソースコントロールは無効です
[2019.08.26-07.58.12:658][  0]SourceControl: ソースコントロールは無効です
[2019.08.26-07.58.12:659][  0]SourceControl: ソースコントロールは無効です
[2019.08.26-07.58.12:708][  0]LogAndroidPermission: UAndroidPermissionCallbackProxy::GetInstance
[2019.08.26-07.58.12:766][  0]LogOcInput: OculusInput pre-init called
[2019.08.26-07.58.13:379][  0]LogEngine: Initializing Engine...
[2019.08.26-07.58.13:380][  0]LogHMD: Failed to initialize OpenVR with code 110
[2019.08.26-07.58.13:381][  0]LogStats: UGameplayTagsManager::InitializeManager -  0.000 s
[2019.08.26-07.58.13:561][  0]LogInit: Initializing FReadOnlyCVARCache
[2019.08.26-07.58.13:583][  0]LogAIModule: Creating AISystem for world Untitled
[2019.08.26-07.58.13:611][  0]LogInit: XAudio2 using 'スピーカー (High Definition Audio Device)' : 2 channels at 48 kHz using 16 bits per sample (channel mask 0x3)
[2019.08.26-07.58.13:634][  0]LogInit: FAudioDevice initialized.
[2019.08.26-07.58.13:634][  0]LogNetVersion: Set ProjectVersion to 1.0.0.0. Version Checksum will be recalculated on next use.
[2019.08.26-07.58.13:730][  0]LogDerivedDataCache: Saved boot cache 0.10s 88MB C:/Users/GLaTAN/AppData/Local/UnrealEngine/4.22/DerivedDataCache/Boot.ddc.
[2019.08.26-07.58.13:749][  0]LogInit: Texture streaming: Enabled
[2019.08.26-07.58.13:774][  0]LogEngineSessionManager: EngineSessionManager initialized
[2019.08.26-07.58.13:795][  0]LogInit: Transaction tracking system initialized
[2019.08.26-07.58.13:813][  0]BlueprintLog: New page: エディタの読み込み
[2019.08.26-07.58.13:892][  0]LocalizationService: ローカライズのサービスが無効になりました
[2019.08.26-07.58.14:133][  0]LogFileCache: Scanning file cache for directory 'C:/Users/GLaTAN/Git/19-U22-Instreal/MyProject/Content/' took 0.02s
[2019.08.26-07.58.14:133][  0]LogCook: Display: Max memory allowance for cook 16384mb min free memory 0mb
[2019.08.26-07.58.14:133][  0]LogCook: Display: Mobile HDR setting 1
[2019.08.26-07.58.14:261][  0]SourceControl: ソースコントロールは無効です
[2019.08.26-07.58.14:261][  0]Cmd: MAP LOAD FILE="../../../Engine/Content/Maps/Templates/Template_Default.umap" TEMPLATE=1 SHOWPROGRESS=1 FEATURELEVEL=3
[2019.08.26-07.58.14:262][  0]LightingResults: New page: ライティングのビルド
[2019.08.26-07.58.14:264][  0]MapCheck: New page: マップをチェック
[2019.08.26-07.58.14:264][  0]LightingResults: New page: ライティングのビルド
[2019.08.26-07.58.14:284][  0]LogUObjectHash: Compacting FUObjectHashTables data took   1.24ms
[2019.08.26-07.58.14:343][  0]LogAIModule: Creating AISystem for world Untitled_1
[2019.08.26-07.58.14:347][  0]LogEditorServer: Finished looking for orphan Actors (0.000 secs)
[2019.08.26-07.58.14:367][  0]LogUObjectHash: Compacting FUObjectHashTables data took   1.53ms
[2019.08.26-07.58.14:367][  0]Cmd: MAP CHECKDEP NOCLEARLOG
[2019.08.26-07.58.14:368][  0]MapCheck: マップチェックが完了: 0 エラー、 0 警告、完了に 0.101ミリ秒かかりました。
[2019.08.26-07.58.14:368][  0]LogFileHelpers: Loading map 'Template_Default' took 0.106
[2019.08.26-07.58.14:513][  0]LogSlate: Updating window title bar state: overlay mode, drag disabled, window buttons hidden, title bar hidden
[2019.08.26-07.58.14:520][  0]LogSlate: Updating window title bar state: overlay mode, drag disabled, window buttons hidden, title bar hidden
[2019.08.26-07.58.14:526][  0]LogSlate: Updating window title bar state: overlay mode, drag disabled, window buttons hidden, title bar hidden
[2019.08.26-07.58.14:532][  0]LogSlate: Updating window title bar state: overlay mode, drag disabled, window buttons hidden, title bar hidden
[2019.08.26-07.58.14:543][  0]LogCollectionManager: Loaded 0 collections in 0.001197 seconds
[2019.08.26-07.58.14:595][  0]LogFileCache: Scanning file cache for directory 'C:/Users/GLaTAN/Git/19-U22-Instreal/MyProject/Saved/Collections/' took 0.01s
[2019.08.26-07.58.14:595][  0]LogFileCache: Scanning file cache for directory 'C:/Users/GLaTAN/Git/19-U22-Instreal/MyProject/Content/Developers/GLaTAN/Collections/' took 0.01s
[2019.08.26-07.58.14:595][  0]LogFileCache: Scanning file cache for directory 'C:/Users/GLaTAN/Git/19-U22-Instreal/MyProject/Content/Collections/' took 0.01s
[2019.08.26-07.58.14:595][  0]LogCollectionManager: Rebuilt the GUID cache for 0 collections in 0.000001 seconds
[2019.08.26-07.58.14:616][  0]LogContentBrowser: Native class hierarchy populated in 0.0198 seconds. Added 2741 classes and 664 folders.
[2019.08.26-07.58.14:630][  0]LogContentBrowser: Native class hierarchy updated for 'WidgetCarousel' in 0.0003 seconds. Added 0 classes and 0 folders.
[2019.08.26-07.58.14:642][  0]LogPakFile: Registered encryption key '00000000000000000000000000000000': 0 pak files mounted, 0 remain pending
[2019.08.26-07.58.14:650][  0]LogPakFile: Registered encryption key '00000000000000000000000000000000': 0 pak files mounted, 0 remain pending
[2019.08.26-07.58.14:672][  0]LogPakFile: Registered encryption key '00000000000000000000000000000000': 0 pak files mounted, 0 remain pending
[2019.08.26-07.58.14:677][  0]LogPakFile: Registered encryption key '00000000000000000000000000000000': 0 pak files mounted, 0 remain pending
[2019.08.26-07.58.14:682][  0]LogPakFile: Registered encryption key '00000000000000000000000000000000': 0 pak files mounted, 0 remain pending
[2019.08.26-07.58.14:687][  0]LogPakFile: Registered encryption key '00000000000000000000000000000000': 0 pak files mounted, 0 remain pending
[2019.08.26-07.58.14:692][  0]LogPakFile: Registered encryption key '00000000000000000000000000000000': 0 pak files mounted, 0 remain pending
[2019.08.26-07.58.14:696][  0]LogPakFile: Registered encryption key '00000000000000000000000000000000': 0 pak files mounted, 0 remain pending
[2019.08.26-07.58.14:701][  0]LogPakFile: Registered encryption key '00000000000000000000000000000000': 0 pak files mounted, 0 remain pending
[2019.08.26-07.58.14:705][  0]LogPakFile: Registered encryption key '00000000000000000000000000000000': 0 pak files mounted, 0 remain pending
[2019.08.26-07.58.14:710][  0]LogPakFile: Registered encryption key '00000000000000000000000000000000': 0 pak files mounted, 0 remain pending
[2019.08.26-07.58.14:716][  0]LogPakFile: Registered encryption key '00000000000000000000000000000000': 0 pak files mounted, 0 remain pending
[2019.08.26-07.58.14:721][  0]LogPakFile: Registered encryption key '00000000000000000000000000000000': 0 pak files mounted, 0 remain pending
[2019.08.26-07.58.14:726][  0]LogPakFile: Registered encryption key '00000000000000000000000000000000': 0 pak files mounted, 0 remain pending
[2019.08.26-07.58.14:730][  0]LogPakFile: Registered encryption key '00000000000000000000000000000000': 0 pak files mounted, 0 remain pending
[2019.08.26-07.58.14:734][  0]LogPakFile: Registered encryption key '00000000000000000000000000000000': 0 pak files mounted, 0 remain pending
[2019.08.26-07.58.14:756][  0]LogPakFile: Registered encryption key '00000000000000000000000000000000': 0 pak files mounted, 0 remain pending
[2019.08.26-07.58.14:760][  0]LogPakFile: Registered encryption key '00000000000000000000000000000000': 0 pak files mounted, 0 remain pending
[2019.08.26-07.58.14:763][  0]LogPakFile: Registered encryption key '00000000000000000000000000000000': 0 pak files mounted, 0 remain pending
[2019.08.26-07.58.14:767][  0]LogPakFile: Registered encryption key '00000000000000000000000000000000': 0 pak files mounted, 0 remain pending
[2019.08.26-07.58.14:771][  0]LogPakFile: Registered encryption key '00000000000000000000000000000000': 0 pak files mounted, 0 remain pending
[2019.08.26-07.58.14:776][  0]LogPakFile: Registered encryption key '00000000000000000000000000000000': 0 pak files mounted, 0 remain pending
[2019.08.26-07.58.14:781][  0]LogPakFile: Registered encryption key '00000000000000000000000000000000': 0 pak files mounted, 0 remain pending
[2019.08.26-07.58.14:787][  0]LogPakFile: Registered encryption key '00000000000000000000000000000000': 0 pak files mounted, 0 remain pending
[2019.08.26-07.58.14:792][  0]LogPakFile: Registered encryption key '00000000000000000000000000000000': 0 pak files mounted, 0 remain pending
[2019.08.26-07.58.14:798][  0]LogPakFile: Registered encryption key '00000000000000000000000000000000': 0 pak files mounted, 0 remain pending
[2019.08.26-07.58.14:802][  0]LogPakFile: Registered encryption key '00000000000000000000000000000000': 0 pak files mounted, 0 remain pending
[2019.08.26-07.58.14:807][  0]LogPakFile: Registered encryption key '00000000000000000000000000000000': 0 pak files mounted, 0 remain pending
[2019.08.26-07.58.14:926][  0]LogContentBrowser: Native class hierarchy updated for 'AddContentDialog' in 0.0002 seconds. Added 0 classes and 0 folders.
[2019.08.26-07.58.14:940][  0]LogContentBrowser: Native class hierarchy updated for 'SceneOutliner' in 0.0002 seconds. Added 1 classes and 2 folders.
[2019.08.26-07.58.15:002][  0]LogSlate: Took 0.000207 seconds to synchronously load lazily loaded font '../../../Engine/Content/Slate/Fonts/Roboto-Regular.ttf' (155K)
[2019.08.26-07.58.15:004][  0]LogSlate: Took 0.000548 seconds to synchronously load lazily loaded font '../../../Engine/Content/Editor/Slate/Fonts/GenEiGothicPro-Regular.otf' (707K)
[2019.08.26-07.58.15:006][  0]LogSlate: Took 0.000550 seconds to synchronously load lazily loaded font '../../../Engine/Content/Editor/Slate/Fonts/GenEiGothicPro-Bold.otf' (698K)
[2019.08.26-07.58.15:006][  0]LogSlate: Took 0.000177 seconds to synchronously load lazily loaded font '../../../Engine/Content/Slate/Fonts/Roboto-Bold.ttf' (160K)
[2019.08.26-07.58.15:021][  0]LogSlate: Took 0.008669 seconds to synchronously load lazily loaded font '../../../Engine/Content/Editor/Slate/Fonts/FontAwesome.ttf' (139K)
[2019.08.26-07.58.15:151][  0]LogRenderer: Reallocating scene render targets to support 884x436 Format 10 NumSamples 1 (Frame:1).
[2019.08.26-07.58.15:248][  0]LogContentBrowser: Native class hierarchy updated for 'HierarchicalLODOutliner' in 0.0002 seconds. Added 0 classes and 0 folders.
[2019.08.26-07.58.15:248][  0]LogLoad: (Engine Initialization) Total time: 7.36 seconds
[2019.08.26-07.58.15:248][  0]LogLoad: (Engine Initialization) Total Blueprint compile time: 0.00 seconds
[2019.08.26-07.58.15:310][  0]LogAssetRegistry: Asset discovery search completed in 4.1902 seconds
[2019.08.26-07.58.15:313][  0]LogCollectionManager: Rebuilt the object cache for 0 collections in 0.000000 seconds (found 0 objects)
[2019.08.26-07.58.15:313][  0]LogCollectionManager: Fixed up redirectors for 0 collections in 0.000045 seconds (updated 0 objects)
[2019.08.26-07.58.15:315][  0]LogContentStreaming: Texture pool size now 1000 MB
[2019.08.26-07.58.15:341][  0]LogSlate: Took 0.004963 seconds to synchronously load lazily loaded font '../../../Engine/Content/Slate/Fonts/Roboto-Light.ttf' (167K)
[2019.08.26-07.58.20:636][ 16]LogFileCache: Retrieving MD5 hashes for directory 'C:/Users/GLaTAN/Git/19-U22-Instreal/MyProject/Content/' took 5.35s
[2019.08.26-07.58.41:478][305]LogSlate: FSceneViewport::OnFocusLost() reason 0
[2019.08.26-07.58.44:918][511]LogSlate: Took 0.000200 seconds to synchronously load lazily loaded font '../../../Engine/Content/Slate/Fonts/Roboto-Light.ttf' (167K)
[2019.08.26-07.58.44:931][511]LogSlate: Took 0.011561 seconds to synchronously load lazily loaded font '../../../Engine/Content/Editor/Slate/Fonts/GenEiGothicPro-Light.otf' (713K)
[2019.08.26-07.58.45:182][511]LogAIModule: Creating AISystem for world DebugRoom
[2019.08.26-07.58.45:191][511]LogAssetEditorManager: Opening Asset editor for World /Game/Maps/DebugRoom.DebugRoom
[2019.08.26-07.58.45:210][511]LogUObjectHash: Compacting FUObjectHashTables data took   0.97ms
[2019.08.26-07.58.45:211][511]Cmd: MAP LOAD FILE="../../../../../../Users/GLaTAN/Git/19-U22-Instreal/MyProject/Content/Maps/DebugRoom.umap" TEMPLATE=0 SHOWPROGRESS=1 FEATURELEVEL=3
[2019.08.26-07.58.45:211][511]LightingResults: New page: ライティングのビルド
[2019.08.26-07.58.45:212][511]LoadErrors: New page: マップをロード中: DebugRoom.umap
[2019.08.26-07.58.45:212][511]MapCheck: New page: マップをチェック
[2019.08.26-07.58.45:212][511]LightingResults: New page: ライティングのビルド
[2019.08.26-07.58.45:232][511]LogUObjectHash: Compacting FUObjectHashTables data took   1.30ms
[2019.08.26-07.58.45:239][511]LogEditorServer: Finished looking for orphan Actors (0.000 secs)
[2019.08.26-07.58.45:257][511]LogUObjectHash: Compacting FUObjectHashTables data took   1.14ms
[2019.08.26-07.58.45:279][511]Cmd: MAP CHECKDEP NOCLEARLOG
[2019.08.26-07.58.45:279][511]MapCheck: マップチェックが完了: 0 エラー、 0 警告、完了に 0.083ミリ秒かかりました。
[2019.08.26-07.58.45:279][511]LogFileHelpers: Loading map 'DebugRoom' took 0.068
[2019.08.26-07.58.51:236][864]LogSlate: FSceneViewport::OnFocusLost() reason 0
[2019.08.26-07.58.51:302][868]LogTemp: Repeating last play command: 選択ビューポート
[2019.08.26-07.58.51:321][868]LogBlueprintUserMessages: Early PlayInEditor Detection: Level '/Game/Maps/DebugRoom.DebugRoom:PersistentLevel' has LevelScriptBlueprint '/Game/Maps/DebugRoom.DebugRoom:PersistentLevel.DebugRoom' with GeneratedClass '/Game/Maps/DebugRoom.DebugRoom_C' with ClassGeneratedBy '/Game/Maps/DebugRoom.DebugRoom:PersistentLevel.DebugRoom'
[2019.08.26-07.58.51:322][868]LogPlayLevel: PlayLevel: No blueprints needed recompiling
[2019.08.26-07.58.51:322][868]PIE: New page: PIEセッション: DebugRoom (2019/08/27 1:58:51)
[2019.08.26-07.58.51:336][868]LogPlayLevel: Creating play world package: /Game/Maps/UEDPIE_0_DebugRoom
[2019.08.26-07.58.51:339][868]LogPlayLevel: PIE: StaticDuplicateObject took: (0.003538s)
[2019.08.26-07.58.51:340][868]LogAIModule: Creating AISystem for world DebugRoom
[2019.08.26-07.58.51:340][868]LogPlayLevel: PIE: World Init took: (0.000685s)
[2019.08.26-07.58.51:340][868]LogPlayLevel: PIE: Created PIE world by copying editor world from /Game/Maps/DebugRoom.DebugRoom to /Game/Maps/UEDPIE_0_DebugRoom.DebugRoom (0.004546s)
[2019.08.26-07.58.51:369][868]LogUObjectHash: Compacting FUObjectHashTables data took   1.26ms
[2019.08.26-07.58.51:386][868]LogInit: XAudio2 using 'スピーカー (High Definition Audio Device)' : 2 channels at 48 kHz using 16 bits per sample (channel mask 0x3)
[2019.08.26-07.58.51:400][868]LogInit: FAudioDevice initialized.
[2019.08.26-07.58.51:439][868]LogLoad: Game class is 'GameModeBase'
[2019.08.26-07.58.51:454][868]LogWorld: Bringing World /Game/Maps/UEDPIE_0_DebugRoom.DebugRoom up for play (max tick rate 60) at 2019.08.26-16.58.51
[2019.08.26-07.58.51:455][868]LogWorld: Bringing up level for play took: 0.013454
[2019.08.26-07.58.51:489][868]LogContentBrowser: Native class hierarchy updated for 'MovieSceneCapture' in 0.0010 seconds. Added 20 classes and 0 folders.
[2019.08.26-07.58.51:493][868]PIE: /Game/Maps/UEDPIE_0_DebugRoom 0.547のプレイ イン エディタの開始時間
[2019.08.26-07.58.51:494][868]LogBlueprintUserMessages: Late PlayInEditor Detection: Level '/Game/Maps/DebugRoom.DebugRoom:PersistentLevel' has LevelScriptBlueprint '/Game/Maps/DebugRoom.DebugRoom:PersistentLevel.DebugRoom' with GeneratedClass '/Game/Maps/DebugRoom.DebugRoom_C' with ClassGeneratedBy '/Game/Maps/DebugRoom.DebugRoom:PersistentLevel.DebugRoom'
[2019.08.26-07.58.58:050][258]LogBlueprintUserMessages: Early EndPlayMap Detection: Level '/Game/Maps/DebugRoom.DebugRoom:PersistentLevel' has LevelScriptBlueprint '/Game/Maps/DebugRoom.DebugRoom:PersistentLevel.DebugRoom' with GeneratedClass '/Game/Maps/DebugRoom.DebugRoom_C' with ClassGeneratedBy '/Game/Maps/DebugRoom.DebugRoom:PersistentLevel.DebugRoom'
[2019.08.26-07.58.58:050][258]LogSlate: Updating window title bar state: overlay mode, drag disabled, window buttons hidden, title bar hidden
[2019.08.26-07.58.58:080][258]LogPlayLevel: Display: Shutting down PIE online subsystems
[2019.08.26-07.58.58:081][258]LogBlueprintUserMessages: Late EndPlayMap Detection: Level '/Game/Maps/DebugRoom.DebugRoom:PersistentLevel' has LevelScriptBlueprint '/Game/Maps/DebugRoom.DebugRoom:PersistentLevel.DebugRoom' with GeneratedClass '/Game/Maps/DebugRoom.DebugRoom_C' with ClassGeneratedBy '/Game/Maps/DebugRoom.DebugRoom:PersistentLevel.DebugRoom'
[2019.08.26-07.58.58:143][258]LogSlate: Updating window title bar state: overlay mode, drag disabled, window buttons hidden, title bar hidden
[2019.08.26-07.58.58:147][258]LogUObjectHash: Compacting FUObjectHashTables data took   2.14ms
[2019.08.26-07.58.58:168][259]LogPlayLevel: Display: Destroying online subsystem :Context_1
[2019.08.26-07.59.00:094][374]LogSlate: FSceneViewport::OnFocusLost() reason 0
[2019.08.26-07.59.05:014][668]LogAssetEditorManager: Opening Asset editor for ParticleSystem /Game/Particles/inGlass/Fireflies_Blue.Fireflies_Blue
[2019.08.26-07.59.05:036][668]LogContentBrowser: Native class hierarchy updated for 'Cascade' in 0.0003 seconds. Added 2 classes and 2 folders.
[2019.08.26-08.00.54:623][908]LogSlate: FSceneViewport::OnFocusLost() reason 2
[2019.08.26-08.00.55:775][976]LogSlate: FSceneViewport::OnFocusLost() reason 2
[2019.08.26-08.01.01:448][316]LogSlate: FSceneViewport::OnFocusLost() reason 0
[2019.08.26-08.01.35:745][550]LogSlate: FSceneViewport::OnFocusLost() reason 2
[2019.08.26-08.01.44:609][ 62]LogSlate: FSceneViewport::OnFocusLost() reason 0
[2019.08.26-08.01.44:675][ 66]LogEditorTransaction: Undo モジュールを挿入
[2019.08.26-08.01.47:025][206]LogEditorTransaction: Undo 選択したモジュールを削除
[2019.08.26-08.02.45:196][798]LogSlate: FSceneViewport::OnFocusLost() reason 0
[2019.08.26-08.02.47:808][953]LogSlate: Window 'カラー ピッカー' being destroyed
[2019.08.26-08.02.57:675][545]LogSlate: FSceneViewport::OnFocusLost() reason 0
[2019.08.26-08.02.57:776][551]LogSlate: Window 'Fireflies_Blue' being destroyed
[2019.08.26-08.02.57:781][551]LogSlate: Window 'Fireflies_Blue' being destroyed
[2019.08.26-08.02.57:782][551]LogCascade: Quitting Cascade. FXSystem=0x000001643CB9E5C0
[2019.08.26-08.03.24:923][168]LogAssetEditorManager: Opening Asset editor for ParticleSystem /Game/Particles/inGlass/Fireflies_Blue.Fireflies_Blue
[2019.08.26-08.04.11:306][981]LogSlate: FSceneViewport::OnFocusLost() reason 2
[2019.08.26-08.05.03:760][128]LogSlate: FSceneViewport::OnFocusLost() reason 0
[2019.08.26-08.05.12:755][666]LogSlate: FSceneViewport::OnFocusLost() reason 2
[2019.08.26-08.06.54:558][860]LogSlate: FSceneViewport::OnFocusLost() reason 2
[2019.08.26-08.06.57:372][ 29]LogSlate: FSceneViewport::OnFocusLost() reason 0
[2019.08.26-08.07.06:157][556]LogEditorTransaction: Undo カーブを編集
[2019.08.26-08.07.13:328][985]LogSlate: FSceneViewport::OnFocusLost() reason 2
[2019.08.26-08.07.14:426][ 49]LogCascade: Non-seeded module ParticleModuleColorOverLife
[2019.08.26-08.07.14:431][ 49]LogSlate: FSceneViewport::OnFocusLost() reason 2
[2019.08.26-08.08.00:184][564]LogSlate: FSceneViewport::OnFocusLost() reason 2
[2019.08.26-08.08.01:785][652]LogSlate: FSceneViewport::OnFocusLost() reason 2
[2019.08.26-08.08.12:283][280]LogSlate: FSceneViewport::OnFocusLost() reason 0
[2019.08.26-08.08.22:305][881]LogCascade: Non-seeded module ParticleModuleColor
[2019.08.26-08.08.26:339][122]Cmd: TRANSACTION UNDO
[2019.08.26-08.08.26:339][122]LogEditorTransaction: Undo 選択したモジュールを削除
[2019.08.26-08.08.26:525][133]Cmd: TRANSACTION UNDO
[2019.08.26-08.08.26:525][133]LogEditorTransaction: Undo 新規モジュールを作成
[2019.08.26-08.08.52:101][343]LogUObjectHash: Compacting FUObjectHashTables data took   1.60ms
[2019.08.26-08.08.52:101][343]LogFileHelpers: Editor autosave (incl. sublevels) for '/Game/Maps/DebugRoom' took 0.040
[2019.08.26-08.09.43:745][752]LogSlate: FSceneViewport::OnFocusLost() reason 0
[2019.08.26-08.10.38:015][  8]LogEditorTransaction: Undo カラープロパティを設定
[2019.08.26-08.13.16:201][770]LogSlate: Window 'カラー ピッカー' being destroyed
[2019.08.26-08.13.17:367][839]LogSlate: FSceneViewport::OnFocusLost() reason 0
[2019.08.26-08.13.19:283][954]LogEditorTransaction: Undo カラープロパティを設定
[2019.08.26-08.13.22:555][150]LogEditorTransaction: Undo カラープロパティを設定
[2019.08.26-08.13.23:062][180]LogEditorTransaction: Undo カラープロパティを設定
[2019.08.26-08.13.30:829][645]LogEditorTransaction: Undo カラープロパティを設定
[2019.08.26-08.13.32:317][734]LogEditorTransaction: Undo カラープロパティを設定
[2019.08.26-08.13.32:468][743]LogEditorTransaction: Undo カラープロパティを設定
[2019.08.26-08.13.32:673][755]LogEditorTransaction: Undo カラープロパティを設定
[2019.08.26-08.13.32:909][769]LogEditorTransaction: Undo カラープロパティを設定
[2019.08.26-08.13.34:493][863]LogEditorTransaction: Undo カラープロパティを設定
[2019.08.26-08.13.34:629][871]LogEditorTransaction: Undo カラープロパティを設定
[2019.08.26-08.13.34:914][888]LogEditorTransaction: Undo カラープロパティを設定
[2019.08.26-08.13.35:034][895]LogEditorTransaction: Undo カラープロパティを設定
[2019.08.26-08.13.35:204][905]LogEditorTransaction: Undo カラープロパティを設定
[2019.08.26-08.13.41:793][300]LogSlate: FSceneViewport::OnFocusLost() reason 0
[2019.08.26-08.18.25:360][381]LogSlate: Window 'カラー ピッカー' being destroyed
[2019.08.26-08.18.39:794][246]LogSlate: Window 'カラー ピッカー' being destroyed
[2019.08.26-08.18.40:139][265]Cmd: OBJ SAVEPACKAGE PACKAGE="/Game/Particles/inGlass/Fireflies_Blue" FILE="../../../../../../Users/GLaTAN/Git/19-U22-Instreal/MyProject/Content/Particles/inGlass/Fireflies_Blue.uasset" SILENT=true
[2019.08.26-08.18.40:176][265]LogSavePackage: Moving '../../../../../../Users/GLaTAN/Git/19-U22-Instreal/MyProject/Saved/Fireflies_Blue2637D30346A31BFA836D34B870F24D1D.tmp' to '../../../../../../Users/GLaTAN/Git/19-U22-Instreal/MyProject/Content/Particles/inGlass/Fireflies_Blue.uasset'
[2019.08.26-08.18.41:255][329]LogSlate: Window 'Fireflies_Blue' being destroyed
[2019.08.26-08.18.41:258][329]LogSlate: Window 'Fireflies_Blue' being destroyed
[2019.08.26-08.18.41:258][329]LogCascade: Quitting Cascade. FXSystem=0x00000164478F8A00
[2019.08.26-08.18.43:837][475]LogAssetEditorManager: Opening Asset editor for ParticleSystem /Game/Particles/inGlass/Fireflies_Blue.Fireflies_Blue
[2019.08.26-08.18.45:642][569]LogSlate: Window 'Fireflies_Blue' being destroyed
[2019.08.26-08.18.45:648][569]LogSlate: Window 'Fireflies_Blue' being destroyed
[2019.08.26-08.18.45:648][569]LogCascade: Quitting Cascade. FXSystem=0x0000016468D2BD00
[2019.08.26-08.18.47:394][666]LogAssetEditorManager: Opening Asset editor for ParticleSystem /Game/Particles/inGlass/Fireflies_Green.Fireflies_Green
[2019.08.26-08.18.50:522][839]LogSlate: FSceneViewport::OnFocusLost() reason 0
[2019.08.26-08.18.59:218][131]LogSlate: Window 'カラー ピッカー' being destroyed
[2019.08.26-08.19.00:491][206]Cmd: OBJ SAVEPACKAGE PACKAGE="/Game/Particles/inGlass/Fireflies_Green" FILE="../../../../../../Users/GLaTAN/Git/19-U22-Instreal/MyProject/Content/Particles/inGlass/Fireflies_Green.uasset" SILENT=true
[2019.08.26-08.19.00:523][206]LogSavePackage: Moving '../../../../../../Users/GLaTAN/Git/19-U22-Instreal/MyProject/Saved/Fireflies_GreenB058F5AA4CF0B155817EA8A01D2455A8.tmp' to '../../../../../../Users/GLaTAN/Git/19-U22-Instreal/MyProject/Content/Particles/inGlass/Fireflies_Green.uasset'
[2019.08.26-08.19.01:022][236]LogSlate: Window 'Fireflies_Green' being destroyed
[2019.08.26-08.19.01:027][236]LogSlate: Window 'Fireflies_Green' being destroyed
[2019.08.26-08.19.01:027][236]LogCascade: Quitting Cascade. FXSystem=0x000001646AE731C0
[2019.08.26-08.19.02:265][300]LogAssetEditorManager: Opening Asset editor for ParticleSystem /Game/Particles/inGlass/Fireflies_Orange.Fireflies_Orange
[2019.08.26-08.19.15:719][749]LogSlate: FSceneViewport::OnFocusLost() reason 2
[2019.08.26-08.19.18:137][893]LogSlate: Window 'カラー ピッカー' being destroyed
[2019.08.26-08.19.20:031][  5]LogSlate: FSceneViewport::OnFocusLost() reason 2
[2019.08.26-08.19.20:049][  5]Cmd: OBJ SAVEPACKAGE PACKAGE="/Game/Particles/inGlass/Fireflies_Orange" FILE="../../../../../../Users/GLaTAN/Git/19-U22-Instreal/MyProject/Content/Particles/inGlass/Fireflies_Orange.uasset" SILENT=true
[2019.08.26-08.19.20:095][  5]LogSavePackage: Moving '../../../../../../Users/GLaTAN/Git/19-U22-Instreal/MyProject/Saved/Fireflies_OrangeFCE3709B41408FDFCFBF6B8484AC41AB.tmp' to '../../../../../../Users/GLaTAN/Git/19-U22-Instreal/MyProject/Content/Particles/inGlass/Fireflies_Orange.uasset'
[2019.08.26-08.19.20:601][ 34]LogSlate: Window 'Fireflies_Orange' being destroyed
[2019.08.26-08.19.20:606][ 34]LogSlate: Window 'Fireflies_Orange' being destroyed
[2019.08.26-08.19.20:606][ 34]LogCascade: Quitting Cascade. FXSystem=0x000001645EE99000
[2019.08.26-08.19.22:148][117]LogAssetEditorManager: Opening Asset editor for ParticleSystem /Game/Particles/inGlass/Fireflies_Purple.Fireflies_Purple
[2019.08.26-08.19.30:697][618]LogSlate: FSceneViewport::OnFocusLost() reason 2
[2019.08.26-08.19.30:935][632]LogSlate: Window 'カラー ピッカー' being destroyed
[2019.08.26-08.19.39:922][959]LogSlate: Window 'カラー ピッカー' being destroyed
[2019.08.26-08.19.42:780][128]LogSlate: FSceneViewport::OnFocusLost() reason 2
[2019.08.26-08.19.42:794][128]Cmd: OBJ SAVEPACKAGE PACKAGE="/Game/Particles/inGlass/Fireflies_Purple" FILE="../../../../../../Users/GLaTAN/Git/19-U22-Instreal/MyProject/Content/Particles/inGlass/Fireflies_Purple.uasset" SILENT=true
[2019.08.26-08.19.42:830][128]LogSavePackage: Moving '../../../../../../Users/GLaTAN/Git/19-U22-Instreal/MyProject/Saved/Fireflies_PurpleAE9240934DAF42D7F1E406A0CC4B35BA.tmp' to '../../../../../../Users/GLaTAN/Git/19-U22-Instreal/MyProject/Content/Particles/inGlass/Fireflies_Purple.uasset'
[2019.08.26-08.19.43:753][183]LogSlate: Window 'Fireflies_Purple' being destroyed
[2019.08.26-08.19.43:757][183]LogSlate: Window 'Fireflies_Purple' being destroyed
[2019.08.26-08.19.43:757][183]LogCascade: Quitting Cascade. FXSystem=0x0000016409EF9CC0
[2019.08.26-08.19.45:268][264]LogAssetEditorManager: Opening Asset editor for ParticleSystem /Game/Particles/inGlass/Fireflies_Red.Fireflies_Red
[2019.08.26-08.19.49:730][519]LogSlate: FSceneViewport::OnFocusLost() reason 0
[2019.08.26-08.19.57:694][805]LogSlate: Window 'カラー ピッカー' being destroyed
[2019.08.26-08.19.58:904][876]Cmd: OBJ SAVEPACKAGE PACKAGE="/Game/Particles/inGlass/Fireflies_Red" FILE="../../../../../../Users/GLaTAN/Git/19-U22-Instreal/MyProject/Content/Particles/inGlass/Fireflies_Red.uasset" SILENT=true
[2019.08.26-08.19.58:936][876]LogSavePackage: Moving '../../../../../../Users/GLaTAN/Git/19-U22-Instreal/MyProject/Saved/Fireflies_RedB480F8EA467A1BCB5BBE559687CD6C65.tmp' to '../../../../../../Users/GLaTAN/Git/19-U22-Instreal/MyProject/Content/Particles/inGlass/Fireflies_Red.uasset'
[2019.08.26-08.19.59:736][924]LogSlate: Window 'Fireflies_Red' being destroyed
[2019.08.26-08.19.59:741][924]LogSlate: Window 'Fireflies_Red' being destroyed
[2019.08.26-08.19.59:741][924]LogCascade: Quitting Cascade. FXSystem=0x0000016409EFAA40
[2019.08.26-08.20.01:183][  3]LogAssetEditorManager: Opening Asset editor for ParticleSystem /Game/Particles/inGlass/Fireflies_Yellow.Fireflies_Yellow
[2019.08.26-08.20.09:882][320]LogSlate: FSceneViewport::OnFocusLost() reason 2
[2019.08.26-08.20.13:546][539]LogSlate: Window 'カラー ピッカー' being destroyed
[2019.08.26-08.20.14:948][622]LogSlate: FSceneViewport::OnFocusLost() reason 2
[2019.08.26-08.20.14:965][622]Cmd: OBJ SAVEPACKAGE PACKAGE="/Game/Particles/inGlass/Fireflies_Yellow" FILE="../../../../../../Users/GLaTAN/Git/19-U22-Instreal/MyProject/Content/Particles/inGlass/Fireflies_Yellow.uasset" SILENT=true
[2019.08.26-08.20.15:009][622]LogSavePackage: Moving '../../../../../../Users/GLaTAN/Git/19-U22-Instreal/MyProject/Saved/Fireflies_Yellow58D282E3430E6348CDA8C9A35CAF9767.tmp' to '../../../../../../Users/GLaTAN/Git/19-U22-Instreal/MyProject/Content/Particles/inGlass/Fireflies_Yellow.uasset'
[2019.08.26-08.20.16:339][701]LogSlate: Window 'Fireflies_Yellow' being destroyed
[2019.08.26-08.20.16:344][701]LogSlate: Window 'Fireflies_Yellow' being destroyed
[2019.08.26-08.20.16:345][701]LogCascade: Quitting Cascade. FXSystem=0x000001640AC92800
[2019.08.26-08.20.19:406][876]LogEditorViewport: Clicking on Actor (LMB): BP_Sky_Sphere_C (Sky Sphere)
[2019.08.26-08.20.21:376][989]LogSlate: FSceneViewport::OnFocusLost() reason 0
[2019.08.26-08.20.34:092][746]Cmd: DELETE
[2019.08.26-08.20.34:093][746]Cmd: ACTOR DELETE
[2019.08.26-08.20.34:100][746]LogEditorActor: Deleted Actor: Emitter
[2019.08.26-08.20.34:146][746]LogUObjectHash: Compacting FUObjectHashTables data took   1.43ms
[2019.08.26-08.20.34:146][746]LogEditorActor: Deleted 1 Actors (0.051 secs)
[2019.08.26-08.20.40:979][152]LogSlate: FSceneViewport::OnFocusLost() reason 0
[2019.08.26-08.20.41:080][158]LogTemp: Repeating last play command: 選択ビューポート
[2019.08.26-08.20.41:098][158]LogBlueprintUserMessages: Early PlayInEditor Detection: Level '/Game/Maps/DebugRoom.DebugRoom:PersistentLevel' has LevelScriptBlueprint '/Game/Maps/DebugRoom.DebugRoom:PersistentLevel.DebugRoom' with GeneratedClass '/Game/Maps/DebugRoom.DebugRoom_C' with ClassGeneratedBy '/Game/Maps/DebugRoom.DebugRoom:PersistentLevel.DebugRoom'
[2019.08.26-08.20.41:098][158]LogPlayLevel: PlayLevel: No blueprints needed recompiling
[2019.08.26-08.20.41:098][158]PIE: New page: PIEセッション: DebugRoom (2019/08/27 2:20:41)
[2019.08.26-08.20.41:098][158]LogPlayLevel: Creating play world package: /Game/Maps/UEDPIE_0_DebugRoom
[2019.08.26-08.20.41:101][158]LogPlayLevel: PIE: StaticDuplicateObject took: (0.002674s)
[2019.08.26-08.20.41:101][158]LogAIModule: Creating AISystem for world DebugRoom
[2019.08.26-08.20.41:101][158]LogPlayLevel: PIE: World Init took: (0.000686s)
[2019.08.26-08.20.41:102][158]LogPlayLevel: PIE: Created PIE world by copying editor world from /Game/Maps/DebugRoom.DebugRoom to /Game/Maps/UEDPIE_0_DebugRoom.DebugRoom (0.003499s)
[2019.08.26-08.20.41:125][158]LogUObjectHash: Compacting FUObjectHashTables data took   1.30ms
[2019.08.26-08.20.41:138][158]LogInit: XAudio2 using 'スピーカー (High Definition Audio Device)' : 2 channels at 48 kHz using 16 bits per sample (channel mask 0x3)
[2019.08.26-08.20.41:148][158]LogInit: FAudioDevice initialized.
[2019.08.26-08.20.41:178][158]LogLoad: Game class is 'GameModeBase'
[2019.08.26-08.20.41:185][158]LogWorld: Bringing World /Game/Maps/UEDPIE_0_DebugRoom.DebugRoom up for play (max tick rate 60) at 2019.08.26-17.20.41
[2019.08.26-08.20.41:185][158]LogWorld: Bringing up level for play took: 0.006162
[2019.08.26-08.20.41:200][158]PIE: /Game/Maps/UEDPIE_0_DebugRoom 0.253のプレイ イン エディタの開始時間
[2019.08.26-08.20.41:201][158]LogBlueprintUserMessages: Late PlayInEditor Detection: Level '/Game/Maps/DebugRoom.DebugRoom:PersistentLevel' has LevelScriptBlueprint '/Game/Maps/DebugRoom.DebugRoom:PersistentLevel.DebugRoom' with GeneratedClass '/Game/Maps/DebugRoom.DebugRoom_C' with ClassGeneratedBy '/Game/Maps/DebugRoom.DebugRoom:PersistentLevel.DebugRoom'
[2019.08.26-08.21.06:264][587]LogBlueprintUserMessages: Early EndPlayMap Detection: Level '/Game/Maps/DebugRoom.DebugRoom:PersistentLevel' has LevelScriptBlueprint '/Game/Maps/DebugRoom.DebugRoom:PersistentLevel.DebugRoom' with GeneratedClass '/Game/Maps/DebugRoom.DebugRoom_C' with ClassGeneratedBy '/Game/Maps/DebugRoom.DebugRoom:PersistentLevel.DebugRoom'
[2019.08.26-08.21.06:264][587]LogSlate: Updating window title bar state: overlay mode, drag disabled, window buttons hidden, title bar hidden
[2019.08.26-08.21.06:293][587]LogPlayLevel: Display: Shutting down PIE online subsystems
[2019.08.26-08.21.06:293][587]LogBlueprintUserMessages: Late EndPlayMap Detection: Level '/Game/Maps/DebugRoom.DebugRoom:PersistentLevel' has LevelScriptBlueprint '/Game/Maps/DebugRoom.DebugRoom:PersistentLevel.DebugRoom' with GeneratedClass '/Game/Maps/DebugRoom.DebugRoom_C' with ClassGeneratedBy '/Game/Maps/DebugRoom.DebugRoom:PersistentLevel.DebugRoom'
[2019.08.26-08.21.06:334][587]LogSlate: Updating window title bar state: overlay mode, drag disabled, window buttons hidden, title bar hidden
[2019.08.26-08.21.06:337][587]LogUObjectHash: Compacting FUObjectHashTables data took   0.99ms
[2019.08.26-08.21.06:367][589]LogPlayLevel: Display: Destroying online subsystem :Context_11
[2019.08.26-08.21.20:717][449]LogSlate: FSceneViewport::OnFocusLost() reason 0
[2019.08.26-08.21.22:878][578]Cmd: DELETE
[2019.08.26-08.21.22:878][578]Cmd: ACTOR DELETE
[2019.08.26-08.21.22:879][578]LogEditorActor: Deleted Actor: Emitter
[2019.08.26-08.21.22:914][578]LogUObjectHash: Compacting FUObjectHashTables data took   1.12ms
[2019.08.26-08.21.22:914][578]LogEditorActor: Deleted 1 Actors (0.036 secs)
[2019.08.26-08.21.24:676][683]Cmd: OBJ SAVEPACKAGE PACKAGE="/Game/Maps/DebugRoom" FILE="../../../../../../Users/GLaTAN/Git/19-U22-Instreal/MyProject/Content/Maps/DebugRoom.umap" SILENT=true AUTOSAVING=false KEEPDIRTY=false
[2019.08.26-08.21.24:705][683]LogUObjectHash: Compacting FUObjectHashTables data took   0.61ms
[2019.08.26-08.21.24:805][683]LogSavePackage: Moving '../../../../../../Users/GLaTAN/Git/19-U22-Instreal/MyProject/Saved/DebugRoomB11DE221471CB5D621D802AF47096661.tmp' to '../../../../../../Users/GLaTAN/Git/19-U22-Instreal/MyProject/Content/Maps/DebugRoom.umap'
[2019.08.26-08.21.24:832][683]Cmd: OBJ SAVEPACKAGE PACKAGE="/Game/Maps/DebugRoom_BuiltData" FILE="../../../../../../Users/GLaTAN/Git/19-U22-Instreal/MyProject/Content/Maps/DebugRoom_BuiltData.uasset" SILENT=true
[2019.08.26-08.21.24:850][683]LogSavePackage: Moving '../../../../../../Users/GLaTAN/Git/19-U22-Instreal/MyProject/Saved/DebugRoom_BuiltDataC239B0DD4D3934277797598D525612BE.tmp' to '../../../../../../Users/GLaTAN/Git/19-U22-Instreal/MyProject/Content/Maps/DebugRoom_BuiltData.uasset'
